Analysis & Synthesis report for top
Tue Mar 15 18:38:24 2022
Quartus Prime Version 18.1.0 Build 625 09/12/2018 SJ Lite Edition


---------------------
; Table of Contents ;
---------------------
  1. Legal Notice
  2. Analysis & Synthesis Summary
  3. Analysis & Synthesis Settings
  4. Parallel Compilation
  5. Analysis & Synthesis Source Files Read
  6. Analysis & Synthesis Resource Usage Summary
  7. Analysis & Synthesis Resource Utilization by Entity
  8. State Machine - |top|builder_subfragments_state
  9. Registers Removed During Synthesis
 10. Removed Registers Triggering Further Register Optimizations
 11. General Register Statistics
 12. Inverted Register Statistics
 13. Multiplexer Restructuring Statistics (Restructuring Performed)
 14. Post-Synthesis Netlist Statistics for Top Partition
 15. Elapsed Time Per Partition
 16. Analysis & Synthesis Messages



----------------
; Legal Notice ;
----------------
Copyright (C) 2018  Intel Corporation. All rights reserved.
Your use of Intel Corporation's design tools, logic functions 
and other software and tools, and its AMPP partner logic 
functions, and any output files from any of the foregoing 
(including device programming or simulation files), and any 
associated documentation or information are expressly subject 
to the terms and conditions of the Intel Program License 
Subscription Agreement, the Intel Quartus Prime License Agreement,
the Intel FPGA IP License Agreement, or other applicable license
agreement, including, without limitation, that your use is for
the sole purpose of programming logic devices manufactured by
Intel and sold by Intel or its authorized distributors.  Please
refer to the applicable agreement for further details.



+----------------------------------------------------------------------------------+
; Analysis & Synthesis Summary                                                     ;
+------------------------------------+---------------------------------------------+
; Analysis & Synthesis Status        ; Successful - Tue Mar 15 18:38:24 2022       ;
; Quartus Prime Version              ; 18.1.0 Build 625 09/12/2018 SJ Lite Edition ;
; Revision Name                      ; top                                         ;
; Top-level Entity Name              ; top                                         ;
; Family                             ; MAX 10                                      ;
; Total logic elements               ; 732                                         ;
;     Total combinational functions  ; 662                                         ;
;     Dedicated logic registers      ; 390                                         ;
; Total registers                    ; 390                                         ;
; Total pins                         ; 70                                          ;
; Total virtual pins                 ; 0                                           ;
; Total memory bits                  ; 0                                           ;
; Embedded Multiplier 9-bit elements ; 0                                           ;
; Total PLLs                         ; 0                                           ;
; UFM blocks                         ; 0                                           ;
; ADC blocks                         ; 0                                           ;
+------------------------------------+---------------------------------------------+


+------------------------------------------------------------------------------------------------------------+
; Analysis & Synthesis Settings                                                                              ;
+------------------------------------------------------------------+--------------------+--------------------+
; Option                                                           ; Setting            ; Default Value      ;
+------------------------------------------------------------------+--------------------+--------------------+
; Device                                                           ; 10M50DAF484C7G     ;                    ;
; Top-level entity name                                            ; top                ; top                ;
; Family name                                                      ; MAX 10             ; Cyclone V          ;
; Use smart compilation                                            ; Off                ; Off                ;
; Enable parallel Assembler and Timing Analyzer during compilation ; On                 ; On                 ;
; Enable compact report table                                      ; Off                ; Off                ;
; Restructure Multiplexers                                         ; Auto               ; Auto               ;
; Create Debugging Nodes for IP Cores                              ; Off                ; Off                ;
; Preserve fewer node names                                        ; On                 ; On                 ;
; Intel FPGA IP Evaluation Mode                                    ; Enable             ; Enable             ;
; Verilog Version                                                  ; Verilog_2001       ; Verilog_2001       ;
; VHDL Version                                                     ; VHDL_1993          ; VHDL_1993          ;
; State Machine Processing                                         ; Auto               ; Auto               ;
; Safe State Machine                                               ; Off                ; Off                ;
; Extract Verilog State Machines                                   ; On                 ; On                 ;
; Extract VHDL State Machines                                      ; On                 ; On                 ;
; Ignore Verilog initial constructs                                ; Off                ; Off                ;
; Iteration limit for constant Verilog loops                       ; 5000               ; 5000               ;
; Iteration limit for non-constant Verilog loops                   ; 250                ; 250                ;
; Add Pass-Through Logic to Inferred RAMs                          ; On                 ; On                 ;
; Infer RAMs from Raw Logic                                        ; On                 ; On                 ;
; Parallel Synthesis                                               ; On                 ; On                 ;
; DSP Block Balancing                                              ; Auto               ; Auto               ;
; NOT Gate Push-Back                                               ; On                 ; On                 ;
; Power-Up Don't Care                                              ; On                 ; On                 ;
; Remove Redundant Logic Cells                                     ; Off                ; Off                ;
; Remove Duplicate Registers                                       ; On                 ; On                 ;
; Ignore CARRY Buffers                                             ; Off                ; Off                ;
; Ignore CASCADE Buffers                                           ; Off                ; Off                ;
; Ignore GLOBAL Buffers                                            ; Off                ; Off                ;
; Ignore ROW GLOBAL Buffers                                        ; Off                ; Off                ;
; Ignore LCELL Buffers                                             ; Off                ; Off                ;
; Ignore SOFT Buffers                                              ; On                 ; On                 ;
; Limit AHDL Integers to 32 Bits                                   ; Off                ; Off                ;
; Optimization Technique                                           ; Balanced           ; Balanced           ;
; Carry Chain Length                                               ; 70                 ; 70                 ;
; Auto Carry Chains                                                ; On                 ; On                 ;
; Auto Open-Drain Pins                                             ; On                 ; On                 ;
; Perform WYSIWYG Primitive Resynthesis                            ; Off                ; Off                ;
; Auto ROM Replacement                                             ; On                 ; On                 ;
; Auto RAM Replacement                                             ; On                 ; On                 ;
; Auto DSP Block Replacement                                       ; On                 ; On                 ;
; Auto Shift Register Replacement                                  ; Auto               ; Auto               ;
; Allow Shift Register Merging across Hierarchies                  ; Auto               ; Auto               ;
; Auto Clock Enable Replacement                                    ; On                 ; On                 ;
; Strict RAM Replacement                                           ; Off                ; Off                ;
; Allow Synchronous Control Signals                                ; On                 ; On                 ;
; Force Use of Synchronous Clear Signals                           ; Off                ; Off                ;
; Auto RAM Block Balancing                                         ; On                 ; On                 ;
; Auto RAM to Logic Cell Conversion                                ; Off                ; Off                ;
; Auto Resource Sharing                                            ; Off                ; Off                ;
; Allow Any RAM Size For Recognition                               ; Off                ; Off                ;
; Allow Any ROM Size For Recognition                               ; Off                ; Off                ;
; Allow Any Shift Register Size For Recognition                    ; Off                ; Off                ;
; Use LogicLock Constraints during Resource Balancing              ; On                 ; On                 ;
; Ignore translate_off and synthesis_off directives                ; Off                ; Off                ;
; Timing-Driven Synthesis                                          ; On                 ; On                 ;
; Report Parameter Settings                                        ; On                 ; On                 ;
; Report Source Assignments                                        ; On                 ; On                 ;
; Report Connectivity Checks                                       ; On                 ; On                 ;
; Ignore Maximum Fan-Out Assignments                               ; Off                ; Off                ;
; Synchronization Register Chain Length                            ; 2                  ; 2                  ;
; Power Optimization During Synthesis                              ; Normal compilation ; Normal compilation ;
; HDL message level                                                ; Level2             ; Level2             ;
; Suppress Register Optimization Related Messages                  ; Off                ; Off                ;
; Number of Removed Registers Reported in Synthesis Report         ; 5000               ; 5000               ;
; Number of Swept Nodes Reported in Synthesis Report               ; 5000               ; 5000               ;
; Number of Inverted Registers Reported in Synthesis Report        ; 100                ; 100                ;
; Clock MUX Protection                                             ; On                 ; On                 ;
; Auto Gated Clock Conversion                                      ; Off                ; Off                ;
; Block Design Naming                                              ; Auto               ; Auto               ;
; SDC constraint protection                                        ; Off                ; Off                ;
; Synthesis Effort                                                 ; Auto               ; Auto               ;
; Shift Register Replacement - Allow Asynchronous Clear Signal     ; On                 ; On                 ;
; Pre-Mapping Resynthesis Optimization                             ; Off                ; Off                ;
; Analysis & Synthesis Message Level                               ; Medium             ; Medium             ;
; Disable Register Merging Across Hierarchies                      ; Auto               ; Auto               ;
; Resource Aware Inference For Block RAM                           ; On                 ; On                 ;
+------------------------------------------------------------------+--------------------+--------------------+


+------------------------------------------+
; Parallel Compilation                     ;
+----------------------------+-------------+
; Processors                 ; Number      ;
+----------------------------+-------------+
; Number detected on machine ; 2           ;
; Maximum allowed            ; 2           ;
;                            ;             ;
; Average used               ; 1.00        ;
; Maximum used               ; 2           ;
;                            ;             ;
; Usage by Processor         ; % Time Used ;
;     Processor 1            ; 100.0%      ;
;     Processor 2            ;   0.0%      ;
+----------------------------+-------------+


+------------------------------------------------------------------------------------------------------------------------------------------------------------+
; Analysis & Synthesis Source Files Read                                                                                                                     ;
+----------------------------------+-----------------+------------------------------+--------------------------------------------------------------+---------+
; File Name with User-Entered Path ; Used in Netlist ; File Type                    ; File Name with Absolute Path                                 ; Library ;
+----------------------------------+-----------------+------------------------------+--------------------------------------------------------------+---------+
; top.v                            ; yes             ; User SystemVerilog HDL File  ; /home/alexandre/multi-riscv-p2p/lab3/build/gateware/top.v    ; work    ;
; mem.init                         ; yes             ; Auto-Found Unspecified File  ; /home/alexandre/multi-riscv-p2p/lab3/build/gateware/mem.init ;         ;
+----------------------------------+-----------------+------------------------------+--------------------------------------------------------------+---------+


+-----------------------------------------------------------+
; Analysis & Synthesis Resource Usage Summary               ;
+---------------------------------------------+-------------+
; Resource                                    ; Usage       ;
+---------------------------------------------+-------------+
; Estimated Total logic elements              ; 732         ;
;                                             ;             ;
; Total combinational functions               ; 662         ;
; Logic element usage by number of LUT inputs ;             ;
;     -- 4 input functions                    ; 282         ;
;     -- 3 input functions                    ; 143         ;
;     -- <=2 input functions                  ; 237         ;
;                                             ;             ;
; Logic elements by mode                      ;             ;
;     -- normal mode                          ; 553         ;
;     -- arithmetic mode                      ; 109         ;
;                                             ;             ;
; Total registers                             ; 390         ;
;     -- Dedicated logic registers            ; 390         ;
;     -- I/O registers                        ; 0           ;
;                                             ;             ;
; I/O pins                                    ; 70          ;
;                                             ;             ;
; Embedded Multiplier 9-bit elements          ; 0           ;
;                                             ;             ;
; Maximum fan-out node                        ; clk50~input ;
; Maximum fan-out                             ; 390         ;
; Total fan-out                               ; 3142        ;
; Average fan-out                             ; 2.64        ;
+---------------------------------------------+-------------+


+------------------------------------------------------------------------------------------------------------------------------------------------------------------------------------------------------------------------------------+
; Analysis & Synthesis Resource Utilization by Entity                                                                                                                                                                                ;
+----------------------------+---------------------+---------------------------+-------------+------------+--------------+---------+-----------+------+--------------+------------+---------------------+-------------+--------------+
; Compilation Hierarchy Node ; Combinational ALUTs ; Dedicated Logic Registers ; Memory Bits ; UFM Blocks ; DSP Elements ; DSP 9x9 ; DSP 18x18 ; Pins ; Virtual Pins ; ADC blocks ; Full Hierarchy Name ; Entity Name ; Library Name ;
+----------------------------+---------------------+---------------------------+-------------+------------+--------------+---------+-----------+------+--------------+------------+---------------------+-------------+--------------+
; |top                       ; 662 (662)           ; 390 (390)                 ; 0           ; 0          ; 0            ; 0       ; 0         ; 70   ; 0            ; 0          ; |top                ; top         ; work         ;
+----------------------------+---------------------+---------------------------+-------------+------------+--------------+---------+-----------+------+--------------+------------+---------------------+-------------+--------------+
Note: For table entries with two numbers listed, the numbers in parentheses indicate the number of resources of the given type used by the specific entity alone. The numbers listed outside of parentheses indicate the total resources of the given type used by the specific entity and all of its sub-entities in the hierarchy.


Encoding Type:  One-Hot
+-----------------------------------------------------------------------------------------------------------------------------------------------------------------------------------------------------------------------------------------------------------------------+
; State Machine - |top|builder_subfragments_state                                                                                                                                                                                                                       ;
+--------------------------------+--------------------------------+--------------------------------+--------------------------------+--------------------------------+--------------------------------+--------------------------------+--------------------------------+
; Name                           ; builder_subfragments_state.110 ; builder_subfragments_state.101 ; builder_subfragments_state.100 ; builder_subfragments_state.011 ; builder_subfragments_state.010 ; builder_subfragments_state.001 ; builder_subfragments_state.000 ;
+--------------------------------+--------------------------------+--------------------------------+--------------------------------+--------------------------------+--------------------------------+--------------------------------+--------------------------------+
; builder_subfragments_state.000 ; 0                              ; 0                              ; 0                              ; 0                              ; 0                              ; 0                              ; 0                              ;
; builder_subfragments_state.001 ; 0                              ; 0                              ; 0                              ; 0                              ; 0                              ; 1                              ; 1                              ;
; builder_subfragments_state.010 ; 0                              ; 0                              ; 0                              ; 0                              ; 1                              ; 0                              ; 1                              ;
; builder_subfragments_state.011 ; 0                              ; 0                              ; 0                              ; 1                              ; 0                              ; 0                              ; 1                              ;
; builder_subfragments_state.100 ; 0                              ; 0                              ; 1                              ; 0                              ; 0                              ; 0                              ; 1                              ;
; builder_subfragments_state.101 ; 0                              ; 1                              ; 0                              ; 0                              ; 0                              ; 0                              ; 1                              ;
; builder_subfragments_state.110 ; 1                              ; 0                              ; 0                              ; 0                              ; 0                              ; 0                              ; 1                              ;
+--------------------------------+--------------------------------+--------------------------------+--------------------------------+--------------------------------+--------------------------------+--------------------------------+--------------------------------+


+---------------------------------------------------------------------------------------------------------+
; Registers Removed During Synthesis                                                                      ;
+----------------------------------------------------------------+----------------------------------------+
; Register name                                                  ; Reason for Removal                     ;
+----------------------------------------------------------------+----------------------------------------+
; builder_basesoc_csr_bankarray_interface2_bank_bus_dat_r[4..31] ; Stuck at GND due to stuck port data_in ;
; builder_basesoc_csr_bankarray_interface3_bank_bus_dat_r[4..31] ; Stuck at GND due to stuck port data_in ;
; builder_basesoc_csr_bankarray_interface4_bank_bus_dat_r[4..31] ; Stuck at GND due to stuck port data_in ;
; builder_basesoc_csr_bankarray_interface5_bank_bus_dat_r[4..31] ; Stuck at GND due to stuck port data_in ;
; builder_basesoc_csr_bankarray_interface6_bank_bus_dat_r[4..31] ; Stuck at GND due to stuck port data_in ;
; builder_basesoc_csr_bankarray_interface7_bank_bus_dat_r[4..31] ; Stuck at GND due to stuck port data_in ;
; builder_basesoc_csr_bankarray_interface8_bank_bus_dat_r[9..31] ; Stuck at GND due to stuck port data_in ;
; builder_basesoc_csr_bankarray_interface9_bank_bus_dat_r[9..31] ; Stuck at GND due to stuck port data_in ;
; builder_basesoc_csr_bankarray_interface0_bank_bus_dat_r[1..31] ; Stuck at GND due to stuck port data_in ;
; __main___bus_errors[0..31]                                     ; Stuck at GND due to stuck port data_in ;
; builder_subfragments_state~2                                   ; Lost fanout                            ;
; builder_subfragments_state~3                                   ; Lost fanout                            ;
; builder_subfragments_state~4                                   ; Lost fanout                            ;
; __main___address[14..31]                                       ; Lost fanout                            ;
; Total Number of Removed Registers = 298                        ;                                        ;
+----------------------------------------------------------------+----------------------------------------+


+-------------------------------------------------------------------------------------------------------------------------------------+
; Removed Registers Triggering Further Register Optimizations                                                                         ;
+----------------------+--------------------+-----------------------------------------------------------------------------------------+
; Register name        ; Reason for Removal ; Registers Removed due to This Register                                                  ;
+----------------------+--------------------+-----------------------------------------------------------------------------------------+
; __main___address[31] ; Lost Fanouts       ; __main___address[30], __main___address[29], __main___address[28], __main___address[27], ;
;                      ;                    ; __main___address[26], __main___address[25], __main___address[24], __main___address[23], ;
;                      ;                    ; __main___address[22], __main___address[21], __main___address[20], __main___address[19], ;
;                      ;                    ; __main___address[18], __main___address[17], __main___address[16], __main___address[15], ;
;                      ;                    ; __main___address[14]                                                                    ;
+----------------------+--------------------+-----------------------------------------------------------------------------------------+


+------------------------------------------------------+
; General Register Statistics                          ;
+----------------------------------------------+-------+
; Statistic                                    ; Value ;
+----------------------------------------------+-------+
; Total registers                              ; 390   ;
; Number of registers using Synchronous Clear  ; 5     ;
; Number of registers using Synchronous Load   ; 3     ;
; Number of registers using Asynchronous Clear ; 0     ;
; Number of registers using Asynchronous Load  ; 0     ;
; Number of registers using Clock Enable       ; 210   ;
; Number of registers using Preset             ; 0     ;
+----------------------------------------------+-------+


+---------------------------------------------------+
; Inverted Register Statistics                      ;
+-----------------------------------------+---------+
; Inverted Register                       ; Fan out ;
+-----------------------------------------+---------+
; builder_int_rst                         ; 109     ;
; __main___count[6]                       ; 2       ;
; __main___count[8]                       ; 2       ;
; __main___count[9]                       ; 2       ;
; __main___count[11]                      ; 2       ;
; __main___count[14]                      ; 2       ;
; __main___count[18]                      ; 2       ;
; __main___count[19]                      ; 2       ;
; __main___count[22]                      ; 2       ;
; __main___scratch_storage[3]             ; 1       ;
; __main___scratch_storage[4]             ; 1       ;
; __main___scratch_storage[5]             ; 1       ;
; __main___scratch_storage[6]             ; 1       ;
; __main___scratch_storage[9]             ; 1       ;
; __main___scratch_storage[25]            ; 1       ;
; __main___scratch_storage[18]            ; 1       ;
; __main___scratch_storage[10]            ; 1       ;
; __main___scratch_storage[20]            ; 1       ;
; __main___scratch_storage[12]            ; 1       ;
; __main___scratch_storage[28]            ; 1       ;
; __main___scratch_storage[21]            ; 1       ;
; __main___scratch_storage[14]            ; 1       ;
; Total number of inverted registers = 22 ;         ;
+-----------------------------------------+---------+


+-------------------------------------------------------------------------------------------------------------------------------------------------------------------------------+
; Multiplexer Restructuring Statistics (Restructuring Performed)                                                                                                                ;
+--------------------+-----------+---------------+----------------------+------------------------+------------+-----------------------------------------------------------------+
; Multiplexer Inputs ; Bus Width ; Baseline Area ; Area if Restructured ; Saving if Restructured ; Registered ; Example Multiplexer Output                                      ;
+--------------------+-----------+---------------+----------------------+------------------------+------------+-----------------------------------------------------------------+
; 3:1                ; 12 bits   ; 24 LEs        ; 12 LEs               ; 12 LEs                 ; Yes        ; |top|__main___rx_data[3]                                        ;
; 3:1                ; 4 bits    ; 8 LEs         ; 4 LEs                ; 4 LEs                  ; Yes        ; |top|__main___tx_count[2]                                       ;
; 3:1                ; 9 bits    ; 18 LEs        ; 9 LEs                ; 9 LEs                  ; Yes        ; |top|builder_basesoc_csr_bankarray_interface8_bank_bus_dat_r[3] ;
; 3:1                ; 3 bits    ; 6 LEs         ; 3 LEs                ; 3 LEs                  ; Yes        ; |top|builder_basesoc_csr_bankarray_interface2_bank_bus_dat_r[3] ;
; 3:1                ; 3 bits    ; 6 LEs         ; 3 LEs                ; 3 LEs                  ; Yes        ; |top|builder_basesoc_csr_bankarray_interface3_bank_bus_dat_r[3] ;
; 3:1                ; 3 bits    ; 6 LEs         ; 3 LEs                ; 3 LEs                  ; Yes        ; |top|builder_basesoc_csr_bankarray_interface4_bank_bus_dat_r[3] ;
; 3:1                ; 3 bits    ; 6 LEs         ; 3 LEs                ; 3 LEs                  ; Yes        ; |top|builder_basesoc_csr_bankarray_interface5_bank_bus_dat_r[3] ;
; 3:1                ; 3 bits    ; 6 LEs         ; 3 LEs                ; 3 LEs                  ; Yes        ; |top|builder_basesoc_csr_bankarray_interface6_bank_bus_dat_r[1] ;
; 3:1                ; 3 bits    ; 6 LEs         ; 3 LEs                ; 3 LEs                  ; Yes        ; |top|builder_basesoc_csr_bankarray_interface7_bank_bus_dat_r[2] ;
; 3:1                ; 9 bits    ; 18 LEs        ; 9 LEs                ; 9 LEs                  ; Yes        ; |top|builder_basesoc_csr_bankarray_interface9_bank_bus_dat_r[2] ;
; 3:1                ; 9 bits    ; 18 LEs        ; 9 LEs                ; 9 LEs                  ; Yes        ; |top|__main___leds_storage[2]                                   ;
; 3:1                ; 4 bits    ; 8 LEs         ; 4 LEs                ; 4 LEs                  ; Yes        ; |top|__main___display1_value[3]                                 ;
; 3:1                ; 4 bits    ; 8 LEs         ; 4 LEs                ; 4 LEs                  ; Yes        ; |top|__main___display2_value[0]                                 ;
; 3:1                ; 4 bits    ; 8 LEs         ; 4 LEs                ; 4 LEs                  ; Yes        ; |top|__main___display3_value[0]                                 ;
; 3:1                ; 4 bits    ; 8 LEs         ; 4 LEs                ; 4 LEs                  ; Yes        ; |top|__main___display4_value[2]                                 ;
; 3:1                ; 4 bits    ; 8 LEs         ; 4 LEs                ; 4 LEs                  ; Yes        ; |top|__main___display5_value[0]                                 ;
; 3:1                ; 4 bits    ; 8 LEs         ; 4 LEs                ; 4 LEs                  ; Yes        ; |top|__main___display6_value[2]                                 ;
; 3:1                ; 4 bits    ; 8 LEs         ; 4 LEs                ; 4 LEs                  ; Yes        ; |top|__main___display1_storage[0]                               ;
; 3:1                ; 4 bits    ; 8 LEs         ; 4 LEs                ; 4 LEs                  ; Yes        ; |top|__main___display2_storage[0]                               ;
; 3:1                ; 4 bits    ; 8 LEs         ; 4 LEs                ; 4 LEs                  ; Yes        ; |top|__main___display3_storage[0]                               ;
; 3:1                ; 4 bits    ; 8 LEs         ; 4 LEs                ; 4 LEs                  ; Yes        ; |top|__main___display4_storage[0]                               ;
; 3:1                ; 4 bits    ; 8 LEs         ; 4 LEs                ; 4 LEs                  ; Yes        ; |top|__main___display5_storage[3]                               ;
; 3:1                ; 4 bits    ; 8 LEs         ; 4 LEs                ; 4 LEs                  ; Yes        ; |top|__main___display6_storage[2]                               ;
; 3:1                ; 2 bits    ; 4 LEs         ; 2 LEs                ; 2 LEs                  ; Yes        ; |top|__main___reset_storage[0]                                  ;
; 3:1                ; 5 bits    ; 10 LEs        ; 5 LEs                ; 5 LEs                  ; Yes        ; |top|__main___scratch_storage[8]                                ;
; 4:1                ; 14 bits   ; 28 LEs        ; 14 LEs               ; 14 LEs                 ; Yes        ; |top|__main___scratch_storage[19]                               ;
; 4:1                ; 15 bits   ; 30 LEs        ; 15 LEs               ; 15 LEs                 ; Yes        ; |top|__main___count[16]                                         ;
; 7:1                ; 7 bits    ; 28 LEs        ; 28 LEs               ; 0 LEs                  ; Yes        ; |top|__main___tx_data[5]                                        ;
; 5:1                ; 2 bits    ; 6 LEs         ; 2 LEs                ; 4 LEs                  ; Yes        ; |top|__main___bytes_count[0]                                    ;
; 7:1                ; 8 bits    ; 32 LEs        ; 16 LEs               ; 16 LEs                 ; Yes        ; |top|__main___address[2]                                        ;
; 8:1                ; 24 bits   ; 120 LEs       ; 48 LEs               ; 72 LEs                 ; Yes        ; |top|__main___address[9]                                        ;
; 513:1              ; 2 bits    ; 684 LEs       ; 4 LEs                ; 680 LEs                ; Yes        ; |top|builder_basesoc_csr_bankarray_interface1_bank_bus_dat_r[1] ;
; 3:1                ; 4 bits    ; 8 LEs         ; 4 LEs                ; 4 LEs                  ; Yes        ; |top|__main___scratch_storage[6]                                ;
; 4:1                ; 9 bits    ; 18 LEs        ; 18 LEs               ; 0 LEs                  ; Yes        ; |top|__main___scratch_storage[28]                               ;
; 4:1                ; 8 bits    ; 16 LEs        ; 8 LEs                ; 8 LEs                  ; Yes        ; |top|__main___count[19]                                         ;
; 3:1                ; 8 bits    ; 16 LEs        ; 8 LEs                ; 8 LEs                  ; No         ; |top|__main___words_count_next_value1                           ;
; 3:1                ; 14 bits   ; 28 LEs        ; 14 LEs               ; 14 LEs                 ; No         ; |top|builder_basesoc_csr_bankarray_sram_bus_adr[1]              ;
; 5:1                ; 8 bits    ; 24 LEs        ; 8 LEs                ; 16 LEs                 ; No         ; |top|__main___data_next_value6                                  ;
; 12:1               ; 2 bits    ; 16 LEs        ; 8 LEs                ; 8 LEs                  ; No         ; |top|builder_subfragments_state                                 ;
+--------------------+-----------+---------------+----------------------+------------------------+------------+-----------------------------------------------------------------+


+-----------------------------------------------------+
; Post-Synthesis Netlist Statistics for Top Partition ;
+-----------------------+-----------------------------+
; Type                  ; Count                       ;
+-----------------------+-----------------------------+
; boundary_port         ; 70                          ;
; cycloneiii_ff         ; 390                         ;
;     ENA               ; 209                         ;
;     ENA SLD           ; 1                           ;
;     SCLR              ; 4                           ;
;     SCLR SLD          ; 1                           ;
;     SLD               ; 1                           ;
;     plain             ; 174                         ;
; cycloneiii_lcell_comb ; 669                         ;
;     arith             ; 109                         ;
;         2 data inputs ; 108                         ;
;         3 data inputs ; 1                           ;
;     normal            ; 560                         ;
;         0 data inputs ; 4                           ;
;         1 data inputs ; 10                          ;
;         2 data inputs ; 122                         ;
;         3 data inputs ; 142                         ;
;         4 data inputs ; 282                         ;
;                       ;                             ;
; Max LUT depth         ; 6.00                        ;
; Average LUT depth     ; 3.19                        ;
+-----------------------+-----------------------------+


+-------------------------------+
; Elapsed Time Per Partition    ;
+----------------+--------------+
; Partition Name ; Elapsed Time ;
+----------------+--------------+
; Top            ; 00:00:06     ;
+----------------+--------------+


+-------------------------------+
; Analysis & Synthesis Messages ;
+-------------------------------+
Info: *******************************************************************
Info: Running Quartus Prime Analysis & Synthesis
    Info: Version 18.1.0 Build 625 09/12/2018 SJ Lite Edition
    Info: Copyright (C) 2018  Intel Corporation. All rights reserved.
    Info: Your use of Intel Corporation's design tools, logic functions 
    Info: and other software and tools, and its AMPP partner logic 
    Info: functions, and any output files from any of the foregoing 
    Info: (including device programming or simulation files), and any 
    Info: associated documentation or information are expressly subject 
    Info: to the terms and conditions of the Intel Program License 
    Info: Subscription Agreement, the Intel Quartus Prime License Agreement,
    Info: the Intel FPGA IP License Agreement, or other applicable license
    Info: agreement, including, without limitation, that your use is for
    Info: the sole purpose of programming logic devices manufactured by
    Info: Intel and sold by Intel or its authorized distributors.  Please
    Info: refer to the applicable agreement for further details.
    Info: Processing started: Tue Mar 15 18:37:43 2022
Info: Command: quartus_map --read_settings_files=on --write_settings_files=off top -c top
Warning (18236): Number of processors has not been specified which may cause overloading on shared machines.  Set the global assignment NUM_PARALLEL_PROCESSORS in your QSF to an appropriate value for best performance.
Info (20030): Parallel compilation is enabled and will use 2 of the 2 processors detected
Info (12021): Found 1 design units, including 1 entities, in source file top.v
    Info (12023): Found entity 1: top File: /home/alexandre/multi-riscv-p2p/lab3/build/gateware/top.v Line: 20
Info (12127): Elaborating entity "top" for the top level hierarchy
Warning (10036): Verilog HDL or VHDL warning at top.v(56): object "__main___soc_rst" assigned a value but never read File: /home/alexandre/multi-riscv-p2p/lab3/build/gateware/top.v Line: 56
Warning (10036): Verilog HDL or VHDL warning at top.v(57): object "__main___cpu_rst" assigned a value but never read File: /home/alexandre/multi-riscv-p2p/lab3/build/gateware/top.v Line: 57
Warning (10036): Verilog HDL or VHDL warning at top.v(61): object "__main___scratch_re" assigned a value but never read File: /home/alexandre/multi-riscv-p2p/lab3/build/gateware/top.v Line: 61
Warning (10036): Verilog HDL or VHDL warning at top.v(63): object "__main___bus_errors_we" assigned a value but never read File: /home/alexandre/multi-riscv-p2p/lab3/build/gateware/top.v Line: 63
Warning (10036): Verilog HDL or VHDL warning at top.v(64): object "__main___bus_errors_re" assigned a value but never read File: /home/alexandre/multi-riscv-p2p/lab3/build/gateware/top.v Line: 64
Warning (10036): Verilog HDL or VHDL warning at top.v(69): object "__main___tx_sink_last" assigned a value but never read File: /home/alexandre/multi-riscv-p2p/lab3/build/gateware/top.v Line: 69
Warning (10036): Verilog HDL or VHDL warning at top.v(77): object "__main___rx_source_ready" assigned a value but never read File: /home/alexandre/multi-riscv-p2p/lab3/build/gateware/top.v Line: 77
Warning (10036): Verilog HDL or VHDL warning at top.v(96): object "__main___wishbone_err" assigned a value but never read File: /home/alexandre/multi-riscv-p2p/lab3/build/gateware/top.v Line: 96
Warning (10036): Verilog HDL or VHDL warning at top.v(110): object "__main___leds_re" assigned a value but never read File: /home/alexandre/multi-riscv-p2p/lab3/build/gateware/top.v Line: 110
Warning (10036): Verilog HDL or VHDL warning at top.v(112): object "__main___switches_we" assigned a value but never read File: /home/alexandre/multi-riscv-p2p/lab3/build/gateware/top.v Line: 112
Warning (10036): Verilog HDL or VHDL warning at top.v(113): object "__main___switches_re" assigned a value but never read File: /home/alexandre/multi-riscv-p2p/lab3/build/gateware/top.v Line: 113
Warning (10036): Verilog HDL or VHDL warning at top.v(115): object "__main___buttons_we" assigned a value but never read File: /home/alexandre/multi-riscv-p2p/lab3/build/gateware/top.v Line: 115
Warning (10036): Verilog HDL or VHDL warning at top.v(116): object "__main___buttons_re" assigned a value but never read File: /home/alexandre/multi-riscv-p2p/lab3/build/gateware/top.v Line: 116
Warning (10036): Verilog HDL or VHDL warning at top.v(118): object "__main___display1_re" assigned a value but never read File: /home/alexandre/multi-riscv-p2p/lab3/build/gateware/top.v Line: 118
Warning (10036): Verilog HDL or VHDL warning at top.v(120): object "__main___display1_write_r" assigned a value but never read File: /home/alexandre/multi-riscv-p2p/lab3/build/gateware/top.v Line: 120
Warning (10036): Verilog HDL or VHDL warning at top.v(121): object "__main___display1_write_we" assigned a value but never read File: /home/alexandre/multi-riscv-p2p/lab3/build/gateware/top.v Line: 121
Warning (10036): Verilog HDL or VHDL warning at top.v(127): object "__main___display2_re" assigned a value but never read File: /home/alexandre/multi-riscv-p2p/lab3/build/gateware/top.v Line: 127
Warning (10036): Verilog HDL or VHDL warning at top.v(129): object "__main___display2_write_r" assigned a value but never read File: /home/alexandre/multi-riscv-p2p/lab3/build/gateware/top.v Line: 129
Warning (10036): Verilog HDL or VHDL warning at top.v(130): object "__main___display2_write_we" assigned a value but never read File: /home/alexandre/multi-riscv-p2p/lab3/build/gateware/top.v Line: 130
Warning (10036): Verilog HDL or VHDL warning at top.v(136): object "__main___display3_re" assigned a value but never read File: /home/alexandre/multi-riscv-p2p/lab3/build/gateware/top.v Line: 136
Warning (10036): Verilog HDL or VHDL warning at top.v(138): object "__main___display3_write_r" assigned a value but never read File: /home/alexandre/multi-riscv-p2p/lab3/build/gateware/top.v Line: 138
Warning (10036): Verilog HDL or VHDL warning at top.v(139): object "__main___display3_write_we" assigned a value but never read File: /home/alexandre/multi-riscv-p2p/lab3/build/gateware/top.v Line: 139
Warning (10036): Verilog HDL or VHDL warning at top.v(145): object "__main___display4_re" assigned a value but never read File: /home/alexandre/multi-riscv-p2p/lab3/build/gateware/top.v Line: 145
Warning (10036): Verilog HDL or VHDL warning at top.v(147): object "__main___display4_write_r" assigned a value but never read File: /home/alexandre/multi-riscv-p2p/lab3/build/gateware/top.v Line: 147
Warning (10036): Verilog HDL or VHDL warning at top.v(148): object "__main___display4_write_we" assigned a value but never read File: /home/alexandre/multi-riscv-p2p/lab3/build/gateware/top.v Line: 148
Warning (10036): Verilog HDL or VHDL warning at top.v(154): object "__main___display5_re" assigned a value but never read File: /home/alexandre/multi-riscv-p2p/lab3/build/gateware/top.v Line: 154
Warning (10036): Verilog HDL or VHDL warning at top.v(156): object "__main___display5_write_r" assigned a value but never read File: /home/alexandre/multi-riscv-p2p/lab3/build/gateware/top.v Line: 156
Warning (10036): Verilog HDL or VHDL warning at top.v(157): object "__main___display5_write_we" assigned a value but never read File: /home/alexandre/multi-riscv-p2p/lab3/build/gateware/top.v Line: 157
Warning (10036): Verilog HDL or VHDL warning at top.v(163): object "__main___display6_re" assigned a value but never read File: /home/alexandre/multi-riscv-p2p/lab3/build/gateware/top.v Line: 163
Warning (10036): Verilog HDL or VHDL warning at top.v(165): object "__main___display6_write_r" assigned a value but never read File: /home/alexandre/multi-riscv-p2p/lab3/build/gateware/top.v Line: 165
Warning (10036): Verilog HDL or VHDL warning at top.v(166): object "__main___display6_write_we" assigned a value but never read File: /home/alexandre/multi-riscv-p2p/lab3/build/gateware/top.v Line: 166
Warning (10036): Verilog HDL or VHDL warning at top.v(213): object "builder_basesoc_basesoc_wishbone_cti" assigned a value but never read File: /home/alexandre/multi-riscv-p2p/lab3/build/gateware/top.v Line: 213
Warning (10036): Verilog HDL or VHDL warning at top.v(214): object "builder_basesoc_basesoc_wishbone_bte" assigned a value but never read File: /home/alexandre/multi-riscv-p2p/lab3/build/gateware/top.v Line: 214
Warning (10036): Verilog HDL or VHDL warning at top.v(221): object "builder_basesoc_csr_bankarray_csrbank0_in_r" assigned a value but never read File: /home/alexandre/multi-riscv-p2p/lab3/build/gateware/top.v Line: 221
Warning (10036): Verilog HDL or VHDL warning at top.v(231): object "builder_basesoc_csr_bankarray_csrbank1_reset0_we" assigned a value but never read File: /home/alexandre/multi-riscv-p2p/lab3/build/gateware/top.v Line: 231
Warning (10036): Verilog HDL or VHDL warning at top.v(235): object "builder_basesoc_csr_bankarray_csrbank1_scratch0_we" assigned a value but never read File: /home/alexandre/multi-riscv-p2p/lab3/build/gateware/top.v Line: 235
Warning (10036): Verilog HDL or VHDL warning at top.v(238): object "builder_basesoc_csr_bankarray_csrbank1_bus_errors_r" assigned a value but never read File: /home/alexandre/multi-riscv-p2p/lab3/build/gateware/top.v Line: 238
Warning (10036): Verilog HDL or VHDL warning at top.v(248): object "builder_basesoc_csr_bankarray_csrbank2_value0_we" assigned a value but never read File: /home/alexandre/multi-riscv-p2p/lab3/build/gateware/top.v Line: 248
Warning (10036): Verilog HDL or VHDL warning at top.v(257): object "builder_basesoc_csr_bankarray_csrbank3_value0_we" assigned a value but never read File: /home/alexandre/multi-riscv-p2p/lab3/build/gateware/top.v Line: 257
Warning (10036): Verilog HDL or VHDL warning at top.v(266): object "builder_basesoc_csr_bankarray_csrbank4_value0_we" assigned a value but never read File: /home/alexandre/multi-riscv-p2p/lab3/build/gateware/top.v Line: 266
Warning (10036): Verilog HDL or VHDL warning at top.v(275): object "builder_basesoc_csr_bankarray_csrbank5_value0_we" assigned a value but never read File: /home/alexandre/multi-riscv-p2p/lab3/build/gateware/top.v Line: 275
Warning (10036): Verilog HDL or VHDL warning at top.v(284): object "builder_basesoc_csr_bankarray_csrbank6_value0_we" assigned a value but never read File: /home/alexandre/multi-riscv-p2p/lab3/build/gateware/top.v Line: 284
Warning (10036): Verilog HDL or VHDL warning at top.v(293): object "builder_basesoc_csr_bankarray_csrbank7_value0_we" assigned a value but never read File: /home/alexandre/multi-riscv-p2p/lab3/build/gateware/top.v Line: 293
Warning (10036): Verilog HDL or VHDL warning at top.v(297): object "builder_basesoc_csr_bankarray_sram_bus_we" assigned a value but never read File: /home/alexandre/multi-riscv-p2p/lab3/build/gateware/top.v Line: 297
Warning (10036): Verilog HDL or VHDL warning at top.v(298): object "builder_basesoc_csr_bankarray_sram_bus_dat_w" assigned a value but never read File: /home/alexandre/multi-riscv-p2p/lab3/build/gateware/top.v Line: 298
Warning (10036): Verilog HDL or VHDL warning at top.v(310): object "builder_basesoc_csr_bankarray_csrbank8_out0_we" assigned a value but never read File: /home/alexandre/multi-riscv-p2p/lab3/build/gateware/top.v Line: 310
Warning (10036): Verilog HDL or VHDL warning at top.v(318): object "builder_basesoc_csr_bankarray_csrbank9_in_r" assigned a value but never read File: /home/alexandre/multi-riscv-p2p/lab3/build/gateware/top.v Line: 318
Warning (10230): Verilog HDL assignment warning at top.v(352): truncated value with size 32 to match size of target (30) File: /home/alexandre/multi-riscv-p2p/lab3/build/gateware/top.v Line: 352
Warning (10230): Verilog HDL assignment warning at top.v(362): truncated value with size 16 to match size of target (8) File: /home/alexandre/multi-riscv-p2p/lab3/build/gateware/top.v Line: 362
Warning (10230): Verilog HDL assignment warning at top.v(365): truncated value with size 24 to match size of target (8) File: /home/alexandre/multi-riscv-p2p/lab3/build/gateware/top.v Line: 365
Warning (10230): Verilog HDL assignment warning at top.v(368): truncated value with size 32 to match size of target (8) File: /home/alexandre/multi-riscv-p2p/lab3/build/gateware/top.v Line: 368
Warning (10230): Verilog HDL assignment warning at top.v(388): truncated value with size 8 to match size of target (1) File: /home/alexandre/multi-riscv-p2p/lab3/build/gateware/top.v Line: 388
Warning (10230): Verilog HDL assignment warning at top.v(484): truncated value with size 40 to match size of target (32) File: /home/alexandre/multi-riscv-p2p/lab3/build/gateware/top.v Line: 484
Warning (10230): Verilog HDL assignment warning at top.v(508): truncated value with size 40 to match size of target (32) File: /home/alexandre/multi-riscv-p2p/lab3/build/gateware/top.v Line: 508
Info (10264): Verilog HDL Case Statement information at top.v(472): all case item expressions in this case statement are onehot File: /home/alexandre/multi-riscv-p2p/lab3/build/gateware/top.v Line: 472
Warning (10230): Verilog HDL assignment warning at top.v(922): truncated value with size 30 to match size of target (14) File: /home/alexandre/multi-riscv-p2p/lab3/build/gateware/top.v Line: 922
Warning (10030): Net "mem.data_a" at top.v(1482) has no driver or initial value, using a default initial value '0' File: /home/alexandre/multi-riscv-p2p/lab3/build/gateware/top.v Line: 1482
Warning (10030): Net "mem.waddr_a" at top.v(1482) has no driver or initial value, using a default initial value '0' File: /home/alexandre/multi-riscv-p2p/lab3/build/gateware/top.v Line: 1482
Warning (10030): Net "mem.we_a" at top.v(1482) has no driver or initial value, using a default initial value '0' File: /home/alexandre/multi-riscv-p2p/lab3/build/gateware/top.v Line: 1482
Critical Warning (127005): Memory depth (64) in the design file differs from memory depth (50) in the Memory Initialization File "/home/alexandre/multi-riscv-p2p/lab3/build/gateware/db/top.ram0_top_1fc36.hdl.mif" -- setting initial value for remaining addresses to 0
Info (276014): Found 1 instances of uninferred RAM logic
    Info (276013): RAM logic "mem" is uninferred because MIF is not supported for the selected family File: /home/alexandre/multi-riscv-p2p/lab3/build/gateware/top.v Line: 1482
Warning (13024): Output pins are stuck at VCC or GND
    Warning (13410): Pin "display_1[7]" is stuck at VCC File: /home/alexandre/multi-riscv-p2p/lab3/build/gateware/top.v Line: 42
    Warning (13410): Pin "display_2[7]" is stuck at VCC File: /home/alexandre/multi-riscv-p2p/lab3/build/gateware/top.v Line: 43
    Warning (13410): Pin "display_3[7]" is stuck at VCC File: /home/alexandre/multi-riscv-p2p/lab3/build/gateware/top.v Line: 44
    Warning (13410): Pin "display_4[7]" is stuck at VCC File: /home/alexandre/multi-riscv-p2p/lab3/build/gateware/top.v Line: 45
    Warning (13410): Pin "display_5[7]" is stuck at VCC File: /home/alexandre/multi-riscv-p2p/lab3/build/gateware/top.v Line: 46
    Warning (13410): Pin "display_6[7]" is stuck at VCC File: /home/alexandre/multi-riscv-p2p/lab3/build/gateware/top.v Line: 47
Info (286030): Timing-Driven Synthesis is running
Info (17049): 21 registers lost all their fanouts during netlist optimizations.
Info (16010): Generating hard_block partition "hard_block:auto_generated_inst"
    Info (16011): Adding 0 node(s), including 0 DDIO, 0 PLL, 0 transceiver and 0 LCELL
Info (21057): Implemented 821 device resources after synthesis - the final resource count might be different
    Info (21058): Implemented 12 input pins
    Info (21059): Implemented 58 output pins
    Info (21061): Implemented 751 logic cells
Info: Quartus Prime Analysis & Synthesis was successful. 0 errors, 67 warnings
    Info: Peak virtual memory: 931 megabytes
    Info: Processing ended: Tue Mar 15 18:38:24 2022
    Info: Elapsed time: 00:00:41
    Info: Total CPU time (on all processors): 00:00:29


