Flow report for base
Fri May 13 17:38:21 2022
Quartus Prime Version 18.1.0 Build 625 09/12/2018 SJ Lite Edition


---------------------
; Table of Contents ;
---------------------
  1. Legal Notice
  2. Flow Summary
  3. Flow Settings
  4. Flow Non-Default Global Settings
  5. Flow Elapsed Time
  6. Flow OS Summary
  7. Flow Log
  8. Flow Messages
  9. Flow Suppressed Messages



----------------
; Legal Notice ;
----------------
Copyright (C) 2018  Intel Corporation. All rights reserved.
Your use of Intel Corporation's design tools, logic functions 
and other software and tools, and its AMPP partner logic 
functions, and any output files from any of the foregoing 
(including device programming or simulation files), and any 
associated documentation or information are expressly subject 
to the terms and conditions of the Intel Program License 
Subscription Agreement, the Intel Quartus Prime License Agreement,
the Intel FPGA IP License Agreement, or other applicable license
agreement, including, without limitation, that your use is for
the sole purpose of programming logic devices manufactured by
Intel and sold by Intel or its authorized distributors.  Please
refer to the applicable agreement for further details.



+----------------------------------------------------------------------------------+
; Flow Summary                                                                     ;
+------------------------------------+---------------------------------------------+
; Flow Status                        ; Successful - Fri May 13 17:38:16 2022       ;
; Quartus Prime Version              ; 18.1.0 Build 625 09/12/2018 SJ Lite Edition ;
; Revision Name                      ; base                                        ;
; Top-level Entity Name              ; base                                        ;
; Family                             ; MAX 10                                      ;
; Device                             ; 10M50DAF484C7G                              ;
; Timing Models                      ; Final                                       ;
; Total logic elements               ; 61 / 49,760 ( < 1 % )                       ;
;     Total combinational functions  ; 61 / 49,760 ( < 1 % )                       ;
;     Dedicated logic registers      ; 45 / 49,760 ( < 1 % )                       ;
; Total registers                    ; 45                                          ;
; Total pins                         ; 14 / 360 ( 4 % )                            ;
; Total virtual pins                 ; 0                                           ;
; Total memory bits                  ; 0 / 1,677,312 ( 0 % )                       ;
; Embedded Multiplier 9-bit elements ; 0 / 288 ( 0 % )                             ;
; Total PLLs                         ; 0 / 4 ( 0 % )                               ;
; UFM blocks                         ; 0 / 1 ( 0 % )                               ;
; ADC blocks                         ; 0 / 2 ( 0 % )                               ;
+------------------------------------+---------------------------------------------+


+-----------------------------------------+
; Flow Settings                           ;
+-------------------+---------------------+
; Option            ; Setting             ;
+-------------------+---------------------+
; Start date & time ; 05/13/2022 17:35:40 ;
; Main task         ; Compilation         ;
; Revision Name     ; base                ;
+-------------------+---------------------+


+-------------------------------------------------------------------------------------------------------------+
; Flow Non-Default Global Settings                                                                            ;
+-----------------------+------------------------------------------+---------------+-------------+------------+
; Assignment Name       ; Value                                    ; Default Value ; Entity Name ; Section Id ;
+-----------------------+------------------------------------------+---------------+-------------+------------+
; COMPILER_SIGNATURE_ID ; 8796760579374.165245614003457            ; --            ; --          ; --         ;
; SEARCH_PATH           ; /home/alexandre/multi-riscv-p2p/twoCores ; --            ; --          ; --         ;
+-----------------------+------------------------------------------+---------------+-------------+------------+


+--------------------------------------------------------------------------------------------------------------------------+
; Flow Elapsed Time                                                                                                        ;
+----------------------+--------------+-------------------------+---------------------+------------------------------------+
; Module Name          ; Elapsed Time ; Average Processors Used ; Peak Virtual Memory ; Total CPU Time (on all processors) ;
+----------------------+--------------+-------------------------+---------------------+------------------------------------+
; Analysis & Synthesis ; 00:02:09     ; 1.0                     ; 1468 MB             ; 00:02:19                           ;
; Fitter               ; 00:00:15     ; 1.0                     ; 1357 MB             ; 00:00:18                           ;
; Assembler            ; 00:00:08     ; 1.0                     ; 795 MB              ; 00:00:07                           ;
; Timing Analyzer      ; 00:00:05     ; 1.0                     ; 871 MB              ; 00:00:04                           ;
; Total                ; 00:02:37     ; --                      ; --                  ; 00:02:48                           ;
+----------------------+--------------+-------------------------+---------------------+------------------------------------+


+--------------------------------------------------------------------------------------------+
; Flow OS Summary                                                                            ;
+----------------------+----------------------+----------------+------------+----------------+
; Module Name          ; Machine Hostname     ; OS Name        ; OS Version ; Processor type ;
+----------------------+----------------------+----------------+------------+----------------+
; Analysis & Synthesis ; alexandre-VirtualBox ; Ubuntu 20.04.2 ; 20         ; x86_64         ;
; Fitter               ; alexandre-VirtualBox ; Ubuntu 20.04.2 ; 20         ; x86_64         ;
; Assembler            ; alexandre-VirtualBox ; Ubuntu 20.04.2 ; 20         ; x86_64         ;
; Timing Analyzer      ; alexandre-VirtualBox ; Ubuntu 20.04.2 ; 20         ; x86_64         ;
+----------------------+----------------------+----------------+------------+----------------+


------------
; Flow Log ;
------------
quartus_map --read_settings_files=on --write_settings_files=off base -c base
quartus_fit --read_settings_files=off --write_settings_files=off base -c base
quartus_asm --read_settings_files=off --write_settings_files=off base -c base
quartus_sta base -c base



