Flow report for top
Wed Mar 16 15:16:18 2022
Quartus Prime Version 18.1.0 Build 625 09/12/2018 SJ Lite Edition


---------------------
; Table of Contents ;
---------------------
  1. Legal Notice
  2. Flow Summary
  3. Flow Settings
  4. Flow Non-Default Global Settings
  5. Flow Elapsed Time
  6. Flow OS Summary
  7. Flow Log
  8. Flow Messages
  9. Flow Suppressed Messages



----------------
; Legal Notice ;
----------------
Copyright (C) 2018  Intel Corporation. All rights reserved.
Your use of Intel Corporation's design tools, logic functions 
and other software and tools, and its AMPP partner logic 
functions, and any output files from any of the foregoing 
(including device programming or simulation files), and any 
associated documentation or information are expressly subject 
to the terms and conditions of the Intel Program License 
Subscription Agreement, the Intel Quartus Prime License Agreement,
the Intel FPGA IP License Agreement, or other applicable license
agreement, including, without limitation, that your use is for
the sole purpose of programming logic devices manufactured by
Intel and sold by Intel or its authorized distributors.  Please
refer to the applicable agreement for further details.



+----------------------------------------------------------------------------------+
; Flow Summary                                                                     ;
+------------------------------------+---------------------------------------------+
; Flow Status                        ; Successful - Wed Mar 16 15:15:38 2022       ;
; Quartus Prime Version              ; 18.1.0 Build 625 09/12/2018 SJ Lite Edition ;
; Revision Name                      ; top                                         ;
; Top-level Entity Name              ; top                                         ;
; Family                             ; MAX 10                                      ;
; Device                             ; 10M50DAF484C7G                              ;
; Timing Models                      ; Final                                       ;
; Total logic elements               ; 17,031 / 49,760 ( 34 % )                    ;
;     Total combinational functions  ; 16,644 / 49,760 ( 33 % )                    ;
;     Dedicated logic registers      ; 1,892 / 49,760 ( 4 % )                      ;
; Total registers                    ; 1892                                        ;
; Total pins                         ; 38 / 360 ( 11 % )                           ;
; Total virtual pins                 ; 0                                           ;
; Total memory bits                  ; 269,824 / 1,677,312 ( 16 % )                ;
; Embedded Multiplier 9-bit elements ; 8 / 288 ( 3 % )                             ;
; Total PLLs                         ; 0 / 4 ( 0 % )                               ;
; UFM blocks                         ; 0 / 1 ( 0 % )                               ;
; ADC blocks                         ; 0 / 2 ( 0 % )                               ;
+------------------------------------+---------------------------------------------+


+-----------------------------------------+
; Flow Settings                           ;
+-------------------+---------------------+
; Option            ; Setting             ;
+-------------------+---------------------+
; Start date & time ; 03/16/2022 15:00:01 ;
; Main task         ; Compilation         ;
; Revision Name     ; top                 ;
+-------------------+---------------------+


+--------------------------------------------------------------------------------------------------+
; Flow Non-Default Global Settings                                                                 ;
+-----------------------+-------------------------------+---------------+-------------+------------+
; Assignment Name       ; Value                         ; Default Value ; Entity Name ; Section Id ;
+-----------------------+-------------------------------+---------------+-------------+------------+
; COMPILER_SIGNATURE_ID ; 8796760579374.164743920108266 ; --            ; --          ; --         ;
+-----------------------+-------------------------------+---------------+-------------+------------+


+--------------------------------------------------------------------------------------------------------------------------+
; Flow Elapsed Time                                                                                                        ;
+----------------------+--------------+-------------------------+---------------------+------------------------------------+
; Module Name          ; Elapsed Time ; Average Processors Used ; Peak Virtual Memory ; Total CPU Time (on all processors) ;
+----------------------+--------------+-------------------------+---------------------+------------------------------------+
; Analysis & Synthesis ; 00:10:40     ; 1.0                     ; 1980 MB             ; 00:09:35                           ;
; Fitter               ; 00:03:54     ; 1.1                     ; 1636 MB             ; 00:04:04                           ;
; Assembler            ; 00:00:10     ; 1.0                     ; 838 MB              ; 00:00:09                           ;
; Timing Analyzer      ; 00:00:39     ; 1.4                     ; 1091 MB             ; 00:00:52                           ;
; Total                ; 00:15:23     ; --                      ; --                  ; 00:14:40                           ;
+----------------------+--------------+-------------------------+---------------------+------------------------------------+


+--------------------------------------------------------------------------------------------+
; Flow OS Summary                                                                            ;
+----------------------+----------------------+----------------+------------+----------------+
; Module Name          ; Machine Hostname     ; OS Name        ; OS Version ; Processor type ;
+----------------------+----------------------+----------------+------------+----------------+
; Analysis & Synthesis ; alexandre-VirtualBox ; Ubuntu 20.04.2 ; 20         ; x86_64         ;
; Fitter               ; alexandre-VirtualBox ; Ubuntu 20.04.2 ; 20         ; x86_64         ;
; Assembler            ; alexandre-VirtualBox ; Ubuntu 20.04.2 ; 20         ; x86_64         ;
; Timing Analyzer      ; alexandre-VirtualBox ; Ubuntu 20.04.2 ; 20         ; x86_64         ;
+----------------------+----------------------+----------------+------------+----------------+


------------
; Flow Log ;
------------
quartus_map --read_settings_files=on --write_settings_files=off top -c top
quartus_fit --read_settings_files=off --write_settings_files=off top -c top
quartus_asm --read_settings_files=off --write_settings_files=off top -c top
quartus_sta top -c top



