Analysis & Synthesis report for top
Fri Feb 25 16:05:07 2022
Quartus Prime Version 18.1.0 Build 625 09/12/2018 SJ Lite Edition


---------------------
; Table of Contents ;
---------------------
  1. Legal Notice
  2. Analysis & Synthesis Summary
  3. Analysis & Synthesis Settings
  4. Parallel Compilation
  5. Analysis & Synthesis Source Files Read
  6. Analysis & Synthesis Resource Usage Summary
  7. Analysis & Synthesis Resource Utilization by Entity
  8. Registers Removed During Synthesis
  9. General Register Statistics
 10. Inverted Register Statistics
 11. Multiplexer Restructuring Statistics (Restructuring Performed)
 12. Post-Synthesis Netlist Statistics for Top Partition
 13. Elapsed Time Per Partition
 14. Analysis & Synthesis Messages



----------------
; Legal Notice ;
----------------
Copyright (C) 2018  Intel Corporation. All rights reserved.
Your use of Intel Corporation's design tools, logic functions 
and other software and tools, and its AMPP partner logic 
functions, and any output files from any of the foregoing 
(including device programming or simulation files), and any 
associated documentation or information are expressly subject 
to the terms and conditions of the Intel Program License 
Subscription Agreement, the Intel Quartus Prime License Agreement,
the Intel FPGA IP License Agreement, or other applicable license
agreement, including, without limitation, that your use is for
the sole purpose of programming logic devices manufactured by
Intel and sold by Intel or its authorized distributors.  Please
refer to the applicable agreement for further details.



+----------------------------------------------------------------------------------+
; Analysis & Synthesis Summary                                                     ;
+------------------------------------+---------------------------------------------+
; Analysis & Synthesis Status        ; Successful - Fri Feb 25 16:05:07 2022       ;
; Quartus Prime Version              ; 18.1.0 Build 625 09/12/2018 SJ Lite Edition ;
; Revision Name                      ; top                                         ;
; Top-level Entity Name              ; top                                         ;
; Family                             ; MAX 10                                      ;
; Total logic elements               ; 165                                         ;
;     Total combinational functions  ; 160                                         ;
;     Dedicated logic registers      ; 90                                          ;
; Total registers                    ; 90                                          ;
; Total pins                         ; 51                                          ;
; Total virtual pins                 ; 0                                           ;
; Total memory bits                  ; 0                                           ;
; Embedded Multiplier 9-bit elements ; 0                                           ;
; Total PLLs                         ; 0                                           ;
; UFM blocks                         ; 0                                           ;
; ADC blocks                         ; 0                                           ;
+------------------------------------+---------------------------------------------+


+------------------------------------------------------------------------------------------------------------+
; Analysis & Synthesis Settings                                                                              ;
+------------------------------------------------------------------+--------------------+--------------------+
; Option                                                           ; Setting            ; Default Value      ;
+------------------------------------------------------------------+--------------------+--------------------+
; Device                                                           ; 10M50DAF484C7G     ;                    ;
; Top-level entity name                                            ; top                ; top                ;
; Family name                                                      ; MAX 10             ; Cyclone V          ;
; Use smart compilation                                            ; Off                ; Off                ;
; Enable parallel Assembler and Timing Analyzer during compilation ; On                 ; On                 ;
; Enable compact report table                                      ; Off                ; Off                ;
; Restructure Multiplexers                                         ; Auto               ; Auto               ;
; Create Debugging Nodes for IP Cores                              ; Off                ; Off                ;
; Preserve fewer node names                                        ; On                 ; On                 ;
; Intel FPGA IP Evaluation Mode                                    ; Enable             ; Enable             ;
; Verilog Version                                                  ; Verilog_2001       ; Verilog_2001       ;
; VHDL Version                                                     ; VHDL_1993          ; VHDL_1993          ;
; State Machine Processing                                         ; Auto               ; Auto               ;
; Safe State Machine                                               ; Off                ; Off                ;
; Extract Verilog State Machines                                   ; On                 ; On                 ;
; Extract VHDL State Machines                                      ; On                 ; On                 ;
; Ignore Verilog initial constructs                                ; Off                ; Off                ;
; Iteration limit for constant Verilog loops                       ; 5000               ; 5000               ;
; Iteration limit for non-constant Verilog loops                   ; 250                ; 250                ;
; Add Pass-Through Logic to Inferred RAMs                          ; On                 ; On                 ;
; Infer RAMs from Raw Logic                                        ; On                 ; On                 ;
; Parallel Synthesis                                               ; On                 ; On                 ;
; DSP Block Balancing                                              ; Auto               ; Auto               ;
; NOT Gate Push-Back                                               ; On                 ; On                 ;
; Power-Up Don't Care                                              ; On                 ; On                 ;
; Remove Redundant Logic Cells                                     ; Off                ; Off                ;
; Remove Duplicate Registers                                       ; On                 ; On                 ;
; Ignore CARRY Buffers                                             ; Off                ; Off                ;
; Ignore CASCADE Buffers                                           ; Off                ; Off                ;
; Ignore GLOBAL Buffers                                            ; Off                ; Off                ;
; Ignore ROW GLOBAL Buffers                                        ; Off                ; Off                ;
; Ignore LCELL Buffers                                             ; Off                ; Off                ;
; Ignore SOFT Buffers                                              ; On                 ; On                 ;
; Limit AHDL Integers to 32 Bits                                   ; Off                ; Off                ;
; Optimization Technique                                           ; Balanced           ; Balanced           ;
; Carry Chain Length                                               ; 70                 ; 70                 ;
; Auto Carry Chains                                                ; On                 ; On                 ;
; Auto Open-Drain Pins                                             ; On                 ; On                 ;
; Perform WYSIWYG Primitive Resynthesis                            ; Off                ; Off                ;
; Auto ROM Replacement                                             ; On                 ; On                 ;
; Auto RAM Replacement                                             ; On                 ; On                 ;
; Auto DSP Block Replacement                                       ; On                 ; On                 ;
; Auto Shift Register Replacement                                  ; Auto               ; Auto               ;
; Allow Shift Register Merging across Hierarchies                  ; Auto               ; Auto               ;
; Auto Clock Enable Replacement                                    ; On                 ; On                 ;
; Strict RAM Replacement                                           ; Off                ; Off                ;
; Allow Synchronous Control Signals                                ; On                 ; On                 ;
; Force Use of Synchronous Clear Signals                           ; Off                ; Off                ;
; Auto RAM Block Balancing                                         ; On                 ; On                 ;
; Auto RAM to Logic Cell Conversion                                ; Off                ; Off                ;
; Auto Resource Sharing                                            ; Off                ; Off                ;
; Allow Any RAM Size For Recognition                               ; Off                ; Off                ;
; Allow Any ROM Size For Recognition                               ; Off                ; Off                ;
; Allow Any Shift Register Size For Recognition                    ; Off                ; Off                ;
; Use LogicLock Constraints during Resource Balancing              ; On                 ; On                 ;
; Ignore translate_off and synthesis_off directives                ; Off                ; Off                ;
; Timing-Driven Synthesis                                          ; On                 ; On                 ;
; Report Parameter Settings                                        ; On                 ; On                 ;
; Report Source Assignments                                        ; On                 ; On                 ;
; Report Connectivity Checks                                       ; On                 ; On                 ;
; Ignore Maximum Fan-Out Assignments                               ; Off                ; Off                ;
; Synchronization Register Chain Length                            ; 2                  ; 2                  ;
; Power Optimization During Synthesis                              ; Normal compilation ; Normal compilation ;
; HDL message level                                                ; Level2             ; Level2             ;
; Suppress Register Optimization Related Messages                  ; Off                ; Off                ;
; Number of Removed Registers Reported in Synthesis Report         ; 5000               ; 5000               ;
; Number of Swept Nodes Reported in Synthesis Report               ; 5000               ; 5000               ;
; Number of Inverted Registers Reported in Synthesis Report        ; 100                ; 100                ;
; Clock MUX Protection                                             ; On                 ; On                 ;
; Auto Gated Clock Conversion                                      ; Off                ; Off                ;
; Block Design Naming                                              ; Auto               ; Auto               ;
; SDC constraint protection                                        ; Off                ; Off                ;
; Synthesis Effort                                                 ; Auto               ; Auto               ;
; Shift Register Replacement - Allow Asynchronous Clear Signal     ; On                 ; On                 ;
; Pre-Mapping Resynthesis Optimization                             ; Off                ; Off                ;
; Analysis & Synthesis Message Level                               ; Medium             ; Medium             ;
; Disable Register Merging Across Hierarchies                      ; Auto               ; Auto               ;
; Resource Aware Inference For Block RAM                           ; On                 ; On                 ;
+------------------------------------------------------------------+--------------------+--------------------+


+------------------------------------------+
; Parallel Compilation                     ;
+----------------------------+-------------+
; Processors                 ; Number      ;
+----------------------------+-------------+
; Number detected on machine ; 2           ;
; Maximum allowed            ; 2           ;
;                            ;             ;
; Average used               ; 1.00        ;
; Maximum used               ; 2           ;
;                            ;             ;
; Usage by Processor         ; % Time Used ;
;     Processor 1            ; 100.0%      ;
;     Processor 2            ;   0.0%      ;
+----------------------------+-------------+


+-------------------------------------------------------------------------------------------------------------------------------------------------+
; Analysis & Synthesis Source Files Read                                                                                                          ;
+----------------------------------+-----------------+------------------------------+---------------------------------------------------+---------+
; File Name with User-Entered Path ; Used in Netlist ; File Type                    ; File Name with Absolute Path                      ; Library ;
+----------------------------------+-----------------+------------------------------+---------------------------------------------------+---------+
; top.v                            ; yes             ; User SystemVerilog HDL File  ; /home/alexandre/multi-riscv-p2p/lab2a/build/top.v ; work    ;
+----------------------------------+-----------------+------------------------------+---------------------------------------------------+---------+


+-----------------------------------------------------------+
; Analysis & Synthesis Resource Usage Summary               ;
+---------------------------------------------+-------------+
; Resource                                    ; Usage       ;
+---------------------------------------------+-------------+
; Estimated Total logic elements              ; 165         ;
;                                             ;             ;
; Total combinational functions               ; 160         ;
; Logic element usage by number of LUT inputs ;             ;
;     -- 4 input functions                    ; 61          ;
;     -- 3 input functions                    ; 25          ;
;     -- <=2 input functions                  ; 74          ;
;                                             ;             ;
; Logic elements by mode                      ;             ;
;     -- normal mode                          ; 104         ;
;     -- arithmetic mode                      ; 56          ;
;                                             ;             ;
; Total registers                             ; 90          ;
;     -- Dedicated logic registers            ; 90          ;
;     -- I/O registers                        ; 0           ;
;                                             ;             ;
; I/O pins                                    ; 51          ;
;                                             ;             ;
; Embedded Multiplier 9-bit elements          ; 0           ;
;                                             ;             ;
; Maximum fan-out node                        ; clk50~input ;
; Maximum fan-out                             ; 90          ;
; Total fan-out                               ; 892         ;
; Average fan-out                             ; 2.53        ;
+---------------------------------------------+-------------+


+------------------------------------------------------------------------------------------------------------------------------------------------------------------------------------------------------------------------------------+
; Analysis & Synthesis Resource Utilization by Entity                                                                                                                                                                                ;
+----------------------------+---------------------+---------------------------+-------------+------------+--------------+---------+-----------+------+--------------+------------+---------------------+-------------+--------------+
; Compilation Hierarchy Node ; Combinational ALUTs ; Dedicated Logic Registers ; Memory Bits ; UFM Blocks ; DSP Elements ; DSP 9x9 ; DSP 18x18 ; Pins ; Virtual Pins ; ADC blocks ; Full Hierarchy Name ; Entity Name ; Library Name ;
+----------------------------+---------------------+---------------------------+-------------+------------+--------------+---------+-----------+------+--------------+------------+---------------------+-------------+--------------+
; |top                       ; 160 (160)           ; 90 (90)                   ; 0           ; 0          ; 0            ; 0       ; 0         ; 51   ; 0            ; 0          ; |top                ; top         ; work         ;
+----------------------------+---------------------+---------------------------+-------------+------------+--------------+---------+-----------+------+--------------+------------+---------------------+-------------+--------------+
Note: For table entries with two numbers listed, the numbers in parentheses indicate the number of resources of the given type used by the specific entity alone. The numbers listed outside of parentheses indicate the total resources of the given type used by the specific entity and all of its sub-entities in the hierarchy.


+------------------------------------------------------------------------------------+
; Registers Removed During Synthesis                                                 ;
+----------------------------------------+-------------------------------------------+
; Register name                          ; Reason for Removal                        ;
+----------------------------------------+-------------------------------------------+
; __main___display2_counter[16]          ; Merged with __main___display1_counter[16] ;
; __main___display3_counter[16]          ; Merged with __main___display1_counter[16] ;
; __main___display4_counter[16]          ; Merged with __main___display1_counter[16] ;
; __main___display5_counter[16]          ; Merged with __main___display1_counter[16] ;
; __main___display6_counter[16]          ; Merged with __main___display1_counter[16] ;
; __main___display2_counter[15]          ; Merged with __main___display1_counter[15] ;
; __main___display3_counter[15]          ; Merged with __main___display1_counter[15] ;
; __main___display4_counter[15]          ; Merged with __main___display1_counter[15] ;
; __main___display5_counter[15]          ; Merged with __main___display1_counter[15] ;
; __main___display6_counter[15]          ; Merged with __main___display1_counter[15] ;
; __main___display2_counter[14]          ; Merged with __main___display1_counter[14] ;
; __main___display3_counter[14]          ; Merged with __main___display1_counter[14] ;
; __main___display4_counter[14]          ; Merged with __main___display1_counter[14] ;
; __main___display5_counter[14]          ; Merged with __main___display1_counter[14] ;
; __main___display6_counter[14]          ; Merged with __main___display1_counter[14] ;
; __main___display2_counter[13]          ; Merged with __main___display1_counter[13] ;
; __main___display3_counter[13]          ; Merged with __main___display1_counter[13] ;
; __main___display4_counter[13]          ; Merged with __main___display1_counter[13] ;
; __main___display5_counter[13]          ; Merged with __main___display1_counter[13] ;
; __main___display6_counter[13]          ; Merged with __main___display1_counter[13] ;
; __main___display2_counter[12]          ; Merged with __main___display1_counter[12] ;
; __main___display3_counter[12]          ; Merged with __main___display1_counter[12] ;
; __main___display4_counter[12]          ; Merged with __main___display1_counter[12] ;
; __main___display5_counter[12]          ; Merged with __main___display1_counter[12] ;
; __main___display6_counter[12]          ; Merged with __main___display1_counter[12] ;
; __main___display2_counter[11]          ; Merged with __main___display1_counter[11] ;
; __main___display3_counter[11]          ; Merged with __main___display1_counter[11] ;
; __main___display4_counter[11]          ; Merged with __main___display1_counter[11] ;
; __main___display5_counter[11]          ; Merged with __main___display1_counter[11] ;
; __main___display6_counter[11]          ; Merged with __main___display1_counter[11] ;
; __main___display2_counter[10]          ; Merged with __main___display1_counter[10] ;
; __main___display3_counter[10]          ; Merged with __main___display1_counter[10] ;
; __main___display4_counter[10]          ; Merged with __main___display1_counter[10] ;
; __main___display5_counter[10]          ; Merged with __main___display1_counter[10] ;
; __main___display6_counter[10]          ; Merged with __main___display1_counter[10] ;
; __main___display2_counter[9]           ; Merged with __main___display1_counter[9]  ;
; __main___display3_counter[9]           ; Merged with __main___display1_counter[9]  ;
; __main___display4_counter[9]           ; Merged with __main___display1_counter[9]  ;
; __main___display5_counter[9]           ; Merged with __main___display1_counter[9]  ;
; __main___display6_counter[9]           ; Merged with __main___display1_counter[9]  ;
; __main___display2_counter[8]           ; Merged with __main___display1_counter[8]  ;
; __main___display3_counter[8]           ; Merged with __main___display1_counter[8]  ;
; __main___display4_counter[8]           ; Merged with __main___display1_counter[8]  ;
; __main___display5_counter[8]           ; Merged with __main___display1_counter[8]  ;
; __main___display6_counter[8]           ; Merged with __main___display1_counter[8]  ;
; __main___display2_counter[7]           ; Merged with __main___display1_counter[7]  ;
; __main___display3_counter[7]           ; Merged with __main___display1_counter[7]  ;
; __main___display4_counter[7]           ; Merged with __main___display1_counter[7]  ;
; __main___display5_counter[7]           ; Merged with __main___display1_counter[7]  ;
; __main___display6_counter[7]           ; Merged with __main___display1_counter[7]  ;
; __main___display2_counter[6]           ; Merged with __main___display1_counter[6]  ;
; __main___display3_counter[6]           ; Merged with __main___display1_counter[6]  ;
; __main___display4_counter[6]           ; Merged with __main___display1_counter[6]  ;
; __main___display5_counter[6]           ; Merged with __main___display1_counter[6]  ;
; __main___display6_counter[6]           ; Merged with __main___display1_counter[6]  ;
; __main___display2_counter[5]           ; Merged with __main___display1_counter[5]  ;
; __main___display3_counter[5]           ; Merged with __main___display1_counter[5]  ;
; __main___display4_counter[5]           ; Merged with __main___display1_counter[5]  ;
; __main___display5_counter[5]           ; Merged with __main___display1_counter[5]  ;
; __main___display6_counter[5]           ; Merged with __main___display1_counter[5]  ;
; __main___display2_counter[4]           ; Merged with __main___display1_counter[4]  ;
; __main___display3_counter[4]           ; Merged with __main___display1_counter[4]  ;
; __main___display4_counter[4]           ; Merged with __main___display1_counter[4]  ;
; __main___display5_counter[4]           ; Merged with __main___display1_counter[4]  ;
; __main___display6_counter[4]           ; Merged with __main___display1_counter[4]  ;
; __main___display2_counter[3]           ; Merged with __main___display1_counter[3]  ;
; __main___display3_counter[3]           ; Merged with __main___display1_counter[3]  ;
; __main___display4_counter[3]           ; Merged with __main___display1_counter[3]  ;
; __main___display5_counter[3]           ; Merged with __main___display1_counter[3]  ;
; __main___display6_counter[3]           ; Merged with __main___display1_counter[3]  ;
; __main___display2_counter[2]           ; Merged with __main___display1_counter[2]  ;
; __main___display3_counter[2]           ; Merged with __main___display1_counter[2]  ;
; __main___display4_counter[2]           ; Merged with __main___display1_counter[2]  ;
; __main___display5_counter[2]           ; Merged with __main___display1_counter[2]  ;
; __main___display6_counter[2]           ; Merged with __main___display1_counter[2]  ;
; __main___display2_counter[1]           ; Merged with __main___display1_counter[1]  ;
; __main___display3_counter[1]           ; Merged with __main___display1_counter[1]  ;
; __main___display4_counter[1]           ; Merged with __main___display1_counter[1]  ;
; __main___display5_counter[1]           ; Merged with __main___display1_counter[1]  ;
; __main___display6_counter[1]           ; Merged with __main___display1_counter[1]  ;
; __main___display2_counter[0]           ; Merged with __main___display1_counter[0]  ;
; __main___display3_counter[0]           ; Merged with __main___display1_counter[0]  ;
; __main___display4_counter[0]           ; Merged with __main___display1_counter[0]  ;
; __main___display5_counter[0]           ; Merged with __main___display1_counter[0]  ;
; __main___display6_counter[0]           ; Merged with __main___display1_counter[0]  ;
; __main___display6_value[2,3]           ; Stuck at GND due to stuck port data_in    ;
; __main___display4_value[3]             ; Stuck at GND due to stuck port data_in    ;
; __main___display2_value[3]             ; Stuck at GND due to stuck port data_in    ;
; Total Number of Removed Registers = 89 ;                                           ;
+----------------------------------------+-------------------------------------------+


+------------------------------------------------------+
; General Register Statistics                          ;
+----------------------------------------------+-------+
; Statistic                                    ; Value ;
+----------------------------------------------+-------+
; Total registers                              ; 90    ;
; Number of registers using Synchronous Clear  ; 36    ;
; Number of registers using Synchronous Load   ; 44    ;
; Number of registers using Asynchronous Clear ; 0     ;
; Number of registers using Asynchronous Load  ; 0     ;
; Number of registers using Clock Enable       ; 37    ;
; Number of registers using Preset             ; 0     ;
+----------------------------------------------+-------+


+--------------------------------------------------+
; Inverted Register Statistics                     ;
+----------------------------------------+---------+
; Inverted Register                      ; Fan out ;
+----------------------------------------+---------+
; platform_int_rst                       ; 61      ;
; Total number of inverted registers = 1 ;         ;
+----------------------------------------+---------+


+-------------------------------------------------------------------------------------------------------------------------------------------------+
; Multiplexer Restructuring Statistics (Restructuring Performed)                                                                                  ;
+--------------------+-----------+---------------+----------------------+------------------------+------------+-----------------------------------+
; Multiplexer Inputs ; Bus Width ; Baseline Area ; Area if Restructured ; Saving if Restructured ; Registered ; Example Multiplexer Output        ;
+--------------------+-----------+---------------+----------------------+------------------------+------------+-----------------------------------+
; 3:1                ; 3 bits    ; 6 LEs         ; 3 LEs                ; 3 LEs                  ; Yes        ; |top|__main___display1_value[0]   ;
; 3:1                ; 17 bits   ; 34 LEs        ; 34 LEs               ; 0 LEs                  ; Yes        ; |top|__main___display1_counter[1] ;
; 3:1                ; 27 bits   ; 54 LEs        ; 54 LEs               ; 0 LEs                  ; Yes        ; |top|__main___tick_counter[25]    ;
; 4:1                ; 6 bits    ; 12 LEs        ; 6 LEs                ; 6 LEs                  ; Yes        ; |top|__main___seconds[4]          ;
; 4:1                ; 4 bits    ; 8 LEs         ; 8 LEs                ; 0 LEs                  ; Yes        ; |top|__main___display1_value[2]   ;
; 4:1                ; 4 bits    ; 8 LEs         ; 8 LEs                ; 0 LEs                  ; Yes        ; |top|__main___display3_value[3]   ;
; 4:1                ; 4 bits    ; 8 LEs         ; 8 LEs                ; 0 LEs                  ; Yes        ; |top|__main___display5_value[3]   ;
; 5:1                ; 6 bits    ; 18 LEs        ; 6 LEs                ; 12 LEs                 ; Yes        ; |top|__main___minutes[3]          ;
; 6:1                ; 5 bits    ; 20 LEs        ; 5 LEs                ; 15 LEs                 ; Yes        ; |top|__main___hours[1]            ;
+--------------------+-----------+---------------+----------------------+------------------------+------------+-----------------------------------+


+-----------------------------------------------------+
; Post-Synthesis Netlist Statistics for Top Partition ;
+-----------------------+-----------------------------+
; Type                  ; Count                       ;
+-----------------------+-----------------------------+
; boundary_port         ; 51                          ;
; cycloneiii_ff         ; 90                          ;
;     ENA               ; 3                           ;
;     ENA SCLR          ; 34                          ;
;     SCLR              ; 2                           ;
;     SLD               ; 44                          ;
;     plain             ; 7                           ;
; cycloneiii_lcell_comb ; 165                         ;
;     arith             ; 56                          ;
;         2 data inputs ; 56                          ;
;     normal            ; 109                         ;
;         0 data inputs ; 2                           ;
;         1 data inputs ; 9                           ;
;         2 data inputs ; 12                          ;
;         3 data inputs ; 25                          ;
;         4 data inputs ; 61                          ;
;                       ;                             ;
; Max LUT depth         ; 5.00                        ;
; Average LUT depth     ; 2.41                        ;
+-----------------------+-----------------------------+


+-------------------------------+
; Elapsed Time Per Partition    ;
+----------------+--------------+
; Partition Name ; Elapsed Time ;
+----------------+--------------+
; Top            ; 00:00:02     ;
+----------------+--------------+


+-------------------------------+
; Analysis & Synthesis Messages ;
+-------------------------------+
Info: *******************************************************************
Info: Running Quartus Prime Analysis & Synthesis
    Info: Version 18.1.0 Build 625 09/12/2018 SJ Lite Edition
    Info: Copyright (C) 2018  Intel Corporation. All rights reserved.
    Info: Your use of Intel Corporation's design tools, logic functions 
    Info: and other software and tools, and its AMPP partner logic 
    Info: functions, and any output files from any of the foregoing 
    Info: (including device programming or simulation files), and any 
    Info: associated documentation or information are expressly subject 
    Info: to the terms and conditions of the Intel Program License 
    Info: Subscription Agreement, the Intel Quartus Prime License Agreement,
    Info: the Intel FPGA IP License Agreement, or other applicable license
    Info: agreement, including, without limitation, that your use is for
    Info: the sole purpose of programming logic devices manufactured by
    Info: Intel and sold by Intel or its authorized distributors.  Please
    Info: refer to the applicable agreement for further details.
    Info: Processing started: Fri Feb 25 16:04:36 2022
Info: Command: quartus_map --read_settings_files=on --write_settings_files=off top -c top
Warning (18236): Number of processors has not been specified which may cause overloading on shared machines.  Set the global assignment NUM_PARALLEL_PROCESSORS in your QSF to an appropriate value for best performance.
Info (20030): Parallel compilation is enabled and will use 2 of the 2 processors detected
Info (12021): Found 1 design units, including 1 entities, in source file /home/alexandre/multi-riscv-p2p/lab2a/bcd.v
    Info (12023): Found entity 1: bcd File: /home/alexandre/multi-riscv-p2p/lab2a/bcd.v Line: 2
Info (12021): Found 1 design units, including 1 entities, in source file top.v
    Info (12023): Found entity 1: top File: /home/alexandre/multi-riscv-p2p/lab2a/build/top.v Line: 20
Info (12127): Elaborating entity "top" for the top level hierarchy
Warning (10036): Verilog HDL or VHDL warning at top.v(95): object "__main___bcd_seconds_hundreds0" assigned a value but never read File: /home/alexandre/multi-riscv-p2p/lab2a/build/top.v Line: 95
Warning (10036): Verilog HDL or VHDL warning at top.v(150): object "__main___bcd_minutes_hundreds0" assigned a value but never read File: /home/alexandre/multi-riscv-p2p/lab2a/build/top.v Line: 150
Warning (10036): Verilog HDL or VHDL warning at top.v(205): object "__main___bcd_hours_hundreds0" assigned a value but never read File: /home/alexandre/multi-riscv-p2p/lab2a/build/top.v Line: 205
Warning (10230): Verilog HDL assignment warning at top.v(650): truncated value with size 4 to match size of target (3) File: /home/alexandre/multi-riscv-p2p/lab2a/build/top.v Line: 650
Warning (10230): Verilog HDL assignment warning at top.v(655): truncated value with size 4 to match size of target (3) File: /home/alexandre/multi-riscv-p2p/lab2a/build/top.v Line: 655
Warning (10230): Verilog HDL assignment warning at top.v(660): truncated value with size 4 to match size of target (3) File: /home/alexandre/multi-riscv-p2p/lab2a/build/top.v Line: 660
Warning (10230): Verilog HDL assignment warning at top.v(692): truncated value with size 4 to match size of target (3) File: /home/alexandre/multi-riscv-p2p/lab2a/build/top.v Line: 692
Warning (10230): Verilog HDL assignment warning at top.v(697): truncated value with size 4 to match size of target (3) File: /home/alexandre/multi-riscv-p2p/lab2a/build/top.v Line: 697
Warning (10230): Verilog HDL assignment warning at top.v(702): truncated value with size 4 to match size of target (3) File: /home/alexandre/multi-riscv-p2p/lab2a/build/top.v Line: 702
Warning (10230): Verilog HDL assignment warning at top.v(734): truncated value with size 4 to match size of target (3) File: /home/alexandre/multi-riscv-p2p/lab2a/build/top.v Line: 734
Warning (10230): Verilog HDL assignment warning at top.v(739): truncated value with size 4 to match size of target (3) File: /home/alexandre/multi-riscv-p2p/lab2a/build/top.v Line: 739
Warning (10230): Verilog HDL assignment warning at top.v(744): truncated value with size 4 to match size of target (3) File: /home/alexandre/multi-riscv-p2p/lab2a/build/top.v Line: 744
Warning (10230): Verilog HDL assignment warning at top.v(776): truncated value with size 4 to match size of target (3) File: /home/alexandre/multi-riscv-p2p/lab2a/build/top.v Line: 776
Warning (10230): Verilog HDL assignment warning at top.v(781): truncated value with size 4 to match size of target (3) File: /home/alexandre/multi-riscv-p2p/lab2a/build/top.v Line: 781
Warning (10230): Verilog HDL assignment warning at top.v(786): truncated value with size 4 to match size of target (3) File: /home/alexandre/multi-riscv-p2p/lab2a/build/top.v Line: 786
Warning (10230): Verilog HDL assignment warning at top.v(818): truncated value with size 4 to match size of target (3) File: /home/alexandre/multi-riscv-p2p/lab2a/build/top.v Line: 818
Warning (10230): Verilog HDL assignment warning at top.v(823): truncated value with size 4 to match size of target (3) File: /home/alexandre/multi-riscv-p2p/lab2a/build/top.v Line: 823
Warning (10230): Verilog HDL assignment warning at top.v(828): truncated value with size 4 to match size of target (3) File: /home/alexandre/multi-riscv-p2p/lab2a/build/top.v Line: 828
Warning (10230): Verilog HDL assignment warning at top.v(860): truncated value with size 4 to match size of target (3) File: /home/alexandre/multi-riscv-p2p/lab2a/build/top.v Line: 860
Warning (10230): Verilog HDL assignment warning at top.v(865): truncated value with size 4 to match size of target (3) File: /home/alexandre/multi-riscv-p2p/lab2a/build/top.v Line: 865
Warning (10230): Verilog HDL assignment warning at top.v(870): truncated value with size 4 to match size of target (3) File: /home/alexandre/multi-riscv-p2p/lab2a/build/top.v Line: 870
Warning (10230): Verilog HDL assignment warning at top.v(902): truncated value with size 4 to match size of target (3) File: /home/alexandre/multi-riscv-p2p/lab2a/build/top.v Line: 902
Warning (10230): Verilog HDL assignment warning at top.v(907): truncated value with size 4 to match size of target (3) File: /home/alexandre/multi-riscv-p2p/lab2a/build/top.v Line: 907
Warning (10230): Verilog HDL assignment warning at top.v(912): truncated value with size 4 to match size of target (3) File: /home/alexandre/multi-riscv-p2p/lab2a/build/top.v Line: 912
Warning (10230): Verilog HDL assignment warning at top.v(944): truncated value with size 4 to match size of target (3) File: /home/alexandre/multi-riscv-p2p/lab2a/build/top.v Line: 944
Warning (10230): Verilog HDL assignment warning at top.v(949): truncated value with size 4 to match size of target (3) File: /home/alexandre/multi-riscv-p2p/lab2a/build/top.v Line: 949
Warning (10230): Verilog HDL assignment warning at top.v(954): truncated value with size 4 to match size of target (3) File: /home/alexandre/multi-riscv-p2p/lab2a/build/top.v Line: 954
Warning (10230): Verilog HDL assignment warning at top.v(989): truncated value with size 4 to match size of target (3) File: /home/alexandre/multi-riscv-p2p/lab2a/build/top.v Line: 989
Warning (10230): Verilog HDL assignment warning at top.v(994): truncated value with size 4 to match size of target (3) File: /home/alexandre/multi-riscv-p2p/lab2a/build/top.v Line: 994
Warning (10230): Verilog HDL assignment warning at top.v(999): truncated value with size 4 to match size of target (3) File: /home/alexandre/multi-riscv-p2p/lab2a/build/top.v Line: 999
Warning (10230): Verilog HDL assignment warning at top.v(1031): truncated value with size 4 to match size of target (3) File: /home/alexandre/multi-riscv-p2p/lab2a/build/top.v Line: 1031
Warning (10230): Verilog HDL assignment warning at top.v(1036): truncated value with size 4 to match size of target (3) File: /home/alexandre/multi-riscv-p2p/lab2a/build/top.v Line: 1036
Warning (10230): Verilog HDL assignment warning at top.v(1041): truncated value with size 4 to match size of target (3) File: /home/alexandre/multi-riscv-p2p/lab2a/build/top.v Line: 1041
Warning (10230): Verilog HDL assignment warning at top.v(1073): truncated value with size 4 to match size of target (3) File: /home/alexandre/multi-riscv-p2p/lab2a/build/top.v Line: 1073
Warning (10230): Verilog HDL assignment warning at top.v(1078): truncated value with size 4 to match size of target (3) File: /home/alexandre/multi-riscv-p2p/lab2a/build/top.v Line: 1078
Warning (10230): Verilog HDL assignment warning at top.v(1083): truncated value with size 4 to match size of target (3) File: /home/alexandre/multi-riscv-p2p/lab2a/build/top.v Line: 1083
Warning (10230): Verilog HDL assignment warning at top.v(1115): truncated value with size 4 to match size of target (3) File: /home/alexandre/multi-riscv-p2p/lab2a/build/top.v Line: 1115
Warning (10230): Verilog HDL assignment warning at top.v(1120): truncated value with size 4 to match size of target (3) File: /home/alexandre/multi-riscv-p2p/lab2a/build/top.v Line: 1120
Warning (10230): Verilog HDL assignment warning at top.v(1125): truncated value with size 4 to match size of target (3) File: /home/alexandre/multi-riscv-p2p/lab2a/build/top.v Line: 1125
Warning (10230): Verilog HDL assignment warning at top.v(1157): truncated value with size 4 to match size of target (3) File: /home/alexandre/multi-riscv-p2p/lab2a/build/top.v Line: 1157
Warning (10230): Verilog HDL assignment warning at top.v(1162): truncated value with size 4 to match size of target (3) File: /home/alexandre/multi-riscv-p2p/lab2a/build/top.v Line: 1162
Warning (10230): Verilog HDL assignment warning at top.v(1167): truncated value with size 4 to match size of target (3) File: /home/alexandre/multi-riscv-p2p/lab2a/build/top.v Line: 1167
Warning (10230): Verilog HDL assignment warning at top.v(1199): truncated value with size 4 to match size of target (3) File: /home/alexandre/multi-riscv-p2p/lab2a/build/top.v Line: 1199
Warning (10230): Verilog HDL assignment warning at top.v(1204): truncated value with size 4 to match size of target (3) File: /home/alexandre/multi-riscv-p2p/lab2a/build/top.v Line: 1204
Warning (10230): Verilog HDL assignment warning at top.v(1209): truncated value with size 4 to match size of target (3) File: /home/alexandre/multi-riscv-p2p/lab2a/build/top.v Line: 1209
Warning (10230): Verilog HDL assignment warning at top.v(1241): truncated value with size 4 to match size of target (3) File: /home/alexandre/multi-riscv-p2p/lab2a/build/top.v Line: 1241
Warning (10230): Verilog HDL assignment warning at top.v(1246): truncated value with size 4 to match size of target (3) File: /home/alexandre/multi-riscv-p2p/lab2a/build/top.v Line: 1246
Warning (10230): Verilog HDL assignment warning at top.v(1251): truncated value with size 4 to match size of target (3) File: /home/alexandre/multi-riscv-p2p/lab2a/build/top.v Line: 1251
Warning (10230): Verilog HDL assignment warning at top.v(1283): truncated value with size 4 to match size of target (3) File: /home/alexandre/multi-riscv-p2p/lab2a/build/top.v Line: 1283
Warning (10230): Verilog HDL assignment warning at top.v(1288): truncated value with size 4 to match size of target (3) File: /home/alexandre/multi-riscv-p2p/lab2a/build/top.v Line: 1288
Warning (10230): Verilog HDL assignment warning at top.v(1293): truncated value with size 4 to match size of target (3) File: /home/alexandre/multi-riscv-p2p/lab2a/build/top.v Line: 1293
Warning (10230): Verilog HDL assignment warning at top.v(1328): truncated value with size 4 to match size of target (3) File: /home/alexandre/multi-riscv-p2p/lab2a/build/top.v Line: 1328
Warning (10230): Verilog HDL assignment warning at top.v(1333): truncated value with size 4 to match size of target (3) File: /home/alexandre/multi-riscv-p2p/lab2a/build/top.v Line: 1333
Warning (10230): Verilog HDL assignment warning at top.v(1338): truncated value with size 4 to match size of target (3) File: /home/alexandre/multi-riscv-p2p/lab2a/build/top.v Line: 1338
Warning (10230): Verilog HDL assignment warning at top.v(1370): truncated value with size 4 to match size of target (3) File: /home/alexandre/multi-riscv-p2p/lab2a/build/top.v Line: 1370
Warning (10230): Verilog HDL assignment warning at top.v(1375): truncated value with size 4 to match size of target (3) File: /home/alexandre/multi-riscv-p2p/lab2a/build/top.v Line: 1375
Warning (10230): Verilog HDL assignment warning at top.v(1380): truncated value with size 4 to match size of target (3) File: /home/alexandre/multi-riscv-p2p/lab2a/build/top.v Line: 1380
Warning (10230): Verilog HDL assignment warning at top.v(1412): truncated value with size 4 to match size of target (3) File: /home/alexandre/multi-riscv-p2p/lab2a/build/top.v Line: 1412
Warning (10230): Verilog HDL assignment warning at top.v(1417): truncated value with size 4 to match size of target (3) File: /home/alexandre/multi-riscv-p2p/lab2a/build/top.v Line: 1417
Warning (10230): Verilog HDL assignment warning at top.v(1422): truncated value with size 4 to match size of target (3) File: /home/alexandre/multi-riscv-p2p/lab2a/build/top.v Line: 1422
Warning (10230): Verilog HDL assignment warning at top.v(1454): truncated value with size 4 to match size of target (3) File: /home/alexandre/multi-riscv-p2p/lab2a/build/top.v Line: 1454
Warning (10230): Verilog HDL assignment warning at top.v(1459): truncated value with size 4 to match size of target (3) File: /home/alexandre/multi-riscv-p2p/lab2a/build/top.v Line: 1459
Warning (10230): Verilog HDL assignment warning at top.v(1464): truncated value with size 4 to match size of target (3) File: /home/alexandre/multi-riscv-p2p/lab2a/build/top.v Line: 1464
Warning (10230): Verilog HDL assignment warning at top.v(1496): truncated value with size 4 to match size of target (3) File: /home/alexandre/multi-riscv-p2p/lab2a/build/top.v Line: 1496
Warning (10230): Verilog HDL assignment warning at top.v(1501): truncated value with size 4 to match size of target (3) File: /home/alexandre/multi-riscv-p2p/lab2a/build/top.v Line: 1501
Warning (10230): Verilog HDL assignment warning at top.v(1506): truncated value with size 4 to match size of target (3) File: /home/alexandre/multi-riscv-p2p/lab2a/build/top.v Line: 1506
Warning (10230): Verilog HDL assignment warning at top.v(1538): truncated value with size 4 to match size of target (3) File: /home/alexandre/multi-riscv-p2p/lab2a/build/top.v Line: 1538
Warning (10230): Verilog HDL assignment warning at top.v(1543): truncated value with size 4 to match size of target (3) File: /home/alexandre/multi-riscv-p2p/lab2a/build/top.v Line: 1543
Warning (10230): Verilog HDL assignment warning at top.v(1548): truncated value with size 4 to match size of target (3) File: /home/alexandre/multi-riscv-p2p/lab2a/build/top.v Line: 1548
Warning (10230): Verilog HDL assignment warning at top.v(1580): truncated value with size 4 to match size of target (3) File: /home/alexandre/multi-riscv-p2p/lab2a/build/top.v Line: 1580
Warning (10230): Verilog HDL assignment warning at top.v(1585): truncated value with size 4 to match size of target (3) File: /home/alexandre/multi-riscv-p2p/lab2a/build/top.v Line: 1585
Warning (10230): Verilog HDL assignment warning at top.v(1590): truncated value with size 4 to match size of target (3) File: /home/alexandre/multi-riscv-p2p/lab2a/build/top.v Line: 1590
Warning (10230): Verilog HDL assignment warning at top.v(1622): truncated value with size 4 to match size of target (3) File: /home/alexandre/multi-riscv-p2p/lab2a/build/top.v Line: 1622
Warning (10230): Verilog HDL assignment warning at top.v(1627): truncated value with size 4 to match size of target (3) File: /home/alexandre/multi-riscv-p2p/lab2a/build/top.v Line: 1627
Warning (10230): Verilog HDL assignment warning at top.v(1632): truncated value with size 4 to match size of target (3) File: /home/alexandre/multi-riscv-p2p/lab2a/build/top.v Line: 1632
Warning (13024): Output pins are stuck at VCC or GND
    Warning (13410): Pin "display_1[7]" is stuck at VCC File: /home/alexandre/multi-riscv-p2p/lab2a/build/top.v Line: 23
    Warning (13410): Pin "display_2[7]" is stuck at VCC File: /home/alexandre/multi-riscv-p2p/lab2a/build/top.v Line: 24
    Warning (13410): Pin "display_3[7]" is stuck at VCC File: /home/alexandre/multi-riscv-p2p/lab2a/build/top.v Line: 25
    Warning (13410): Pin "display_4[7]" is stuck at VCC File: /home/alexandre/multi-riscv-p2p/lab2a/build/top.v Line: 26
    Warning (13410): Pin "display_5[7]" is stuck at VCC File: /home/alexandre/multi-riscv-p2p/lab2a/build/top.v Line: 27
    Warning (13410): Pin "display_6[1]" is stuck at GND File: /home/alexandre/multi-riscv-p2p/lab2a/build/top.v Line: 28
    Warning (13410): Pin "display_6[7]" is stuck at VCC File: /home/alexandre/multi-riscv-p2p/lab2a/build/top.v Line: 28
Info (286030): Timing-Driven Synthesis is running
Info (16010): Generating hard_block partition "hard_block:auto_generated_inst"
    Info (16011): Adding 0 node(s), including 0 DDIO, 0 PLL, 0 transceiver and 0 LCELL
Info (21057): Implemented 216 device resources after synthesis - the final resource count might be different
    Info (21058): Implemented 3 input pins
    Info (21059): Implemented 48 output pins
    Info (21061): Implemented 165 logic cells
Info: Quartus Prime Analysis & Synthesis was successful. 0 errors, 84 warnings
    Info: Peak virtual memory: 933 megabytes
    Info: Processing ended: Fri Feb 25 16:05:07 2022
    Info: Elapsed time: 00:00:31
    Info: Total CPU time (on all processors): 00:00:26


